2025-05-18 23:14:15.164 +07:00 [WRN] (Microsoft.AspNetCore.StaticFiles.StaticFileMiddleware) The WebRootPath was not found: C:\Users\Nguyn\Desktop\Đồ án tốt nghiệp\BookStoreManagement\src\Bookstore.Api\wwwroot. Static files may be unavailable.
2025-05-18 23:14:15.384 +07:00 [INF] (Microsoft.Hosting.Lifetime) Now listening on: https://localhost:7264
2025-05-18 23:14:15.386 +07:00 [INF] (Microsoft.Hosting.Lifetime) Now listening on: http://localhost:5244
2025-05-18 23:14:15.483 +07:00 [INF] (Microsoft.Hosting.Lifetime) Application started. Press Ctrl+C to shut down.
2025-05-18 23:14:15.484 +07:00 [INF] (Microsoft.Hosting.Lifetime) Hosting environment: Development
2025-05-18 23:14:15.486 +07:00 [INF] (Microsoft.Hosting.Lifetime) Content root path: C:\Users\Nguyn\Desktop\Đồ án tốt nghiệp\BookStoreManagement\src\Bookstore.Api
2025-05-18 23:14:45.917 +07:00 [WRN] (Microsoft.EntityFrameworkCore.Model) No instantiatable types implementing `IEntityTypeConfiguration` were found while while scanning assembly 'Bookstore.Infrastructure, Version=1.0.0.0, Culture=neutral, PublicKeyToken=null'.
2025-05-18 23:14:46.037 +07:00 [WRN] (Microsoft.EntityFrameworkCore.Model.Validation) Entity 'Book' has a global query filter defined and is the required end of a relationship with the entity 'CartItem'. This may lead to unexpected results when the required entity is filtered out. Either configure the navigation as optional, or define matching query filters for both entities in the navigation. See https://go.microsoft.com/fwlink/?linkid=2131316 for more information.
2025-05-18 23:14:46.039 +07:00 [WRN] (Microsoft.EntityFrameworkCore.Model.Validation) Entity 'Book' has a global query filter defined and is the required end of a relationship with the entity 'InventoryLog'. This may lead to unexpected results when the required entity is filtered out. Either configure the navigation as optional, or define matching query filters for both entities in the navigation. See https://go.microsoft.com/fwlink/?linkid=2131316 for more information.
2025-05-18 23:14:46.041 +07:00 [WRN] (Microsoft.EntityFrameworkCore.Model.Validation) Entity 'Book' has a global query filter defined and is the required end of a relationship with the entity 'OrderDetail'. This may lead to unexpected results when the required entity is filtered out. Either configure the navigation as optional, or define matching query filters for both entities in the navigation. See https://go.microsoft.com/fwlink/?linkid=2131316 for more information.
2025-05-18 23:14:46.042 +07:00 [WRN] (Microsoft.EntityFrameworkCore.Model.Validation) Entity 'Book' has a global query filter defined and is the required end of a relationship with the entity 'Review'. This may lead to unexpected results when the required entity is filtered out. Either configure the navigation as optional, or define matching query filters for both entities in the navigation. See https://go.microsoft.com/fwlink/?linkid=2131316 for more information.
2025-05-18 23:14:46.044 +07:00 [WRN] (Microsoft.EntityFrameworkCore.Model.Validation) Entity 'Book' has a global query filter defined and is the required end of a relationship with the entity 'StockReceiptDetail'. This may lead to unexpected results when the required entity is filtered out. Either configure the navigation as optional, or define matching query filters for both entities in the navigation. See https://go.microsoft.com/fwlink/?linkid=2131316 for more information.
2025-05-18 23:14:46.046 +07:00 [WRN] (Microsoft.EntityFrameworkCore.Model.Validation) Entity 'Book' has a global query filter defined and is the required end of a relationship with the entity 'WishlistItem'. This may lead to unexpected results when the required entity is filtered out. Either configure the navigation as optional, or define matching query filters for both entities in the navigation. See https://go.microsoft.com/fwlink/?linkid=2131316 for more information.
2025-05-18 23:14:46.059 +07:00 [WRN] (Microsoft.EntityFrameworkCore.Model.Validation) Sensitive data logging is enabled. Log entries and exception messages may include sensitive application data; this mode should only be enabled during development.
2025-05-18 23:14:47.112 +07:00 [INF] (Microsoft.EntityFrameworkCore.Database.Command) Executed DbCommand (72ms) [Parameters=[@__email_0='Admin' (Size = 450)], CommandType='"Text"', CommandTimeout='30']
SELECT [u1].[Id], [u1].[CreatedAtUtc], [u1].[Email], [u1].[FirstName], [u1].[IsActive], [u1].[LastName], [u1].[PasswordHash], [u1].[PhoneNumber], [u1].[UpdatedAtUtc], [u1].[UserName], [s].[UserId], [s].[RoleId], [s].[Id], [s].[CreatedAtUtc], [s].[Name], [s].[UpdatedAtUtc]
FROM (
    SELECT TOP(1) [u].[Id], [u].[CreatedAtUtc], [u].[Email], [u].[FirstName], [u].[IsActive], [u].[LastName], [u].[PasswordHash], [u].[PhoneNumber], [u].[UpdatedAtUtc], [u].[UserName]
    FROM [Users] AS [u]
    WHERE [u].[Email] = @__email_0
) AS [u1]
LEFT JOIN (
    SELECT [u0].[UserId], [u0].[RoleId], [r].[Id], [r].[CreatedAtUtc], [r].[Name], [r].[UpdatedAtUtc]
    FROM [UserRoles] AS [u0]
    INNER JOIN [Roles] AS [r] ON [u0].[RoleId] = [r].[Id]
) AS [s] ON [u1].[Id] = [s].[UserId]
ORDER BY [u1].[Id], [s].[UserId], [s].[RoleId]
2025-05-18 23:14:47.183 +07:00 [INF] (Microsoft.EntityFrameworkCore.Database.Command) Executed DbCommand (11ms) [Parameters=[@__username_0='Admin' (Size = 450)], CommandType='"Text"', CommandTimeout='30']
SELECT [u1].[Id], [u1].[CreatedAtUtc], [u1].[Email], [u1].[FirstName], [u1].[IsActive], [u1].[LastName], [u1].[PasswordHash], [u1].[PhoneNumber], [u1].[UpdatedAtUtc], [u1].[UserName], [s].[UserId], [s].[RoleId], [s].[Id], [s].[CreatedAtUtc], [s].[Name], [s].[UpdatedAtUtc]
FROM (
    SELECT TOP(1) [u].[Id], [u].[CreatedAtUtc], [u].[Email], [u].[FirstName], [u].[IsActive], [u].[LastName], [u].[PasswordHash], [u].[PhoneNumber], [u].[UpdatedAtUtc], [u].[UserName]
    FROM [Users] AS [u]
    WHERE [u].[UserName] = @__username_0
) AS [u1]
LEFT JOIN (
    SELECT [u0].[UserId], [u0].[RoleId], [r].[Id], [r].[CreatedAtUtc], [r].[Name], [r].[UpdatedAtUtc]
    FROM [UserRoles] AS [u0]
    INNER JOIN [Roles] AS [r] ON [u0].[RoleId] = [r].[Id]
) AS [s] ON [u1].[Id] = [s].[UserId]
ORDER BY [u1].[Id], [s].[UserId], [s].[RoleId]
2025-05-18 23:14:47.790 +07:00 [INF] (Microsoft.EntityFrameworkCore.Database.Command) Executed DbCommand (6ms) [Parameters=[@__userId_0='f54527eb-f806-40db-bf76-c7b0e5fa6d39'], CommandType='"Text"', CommandTimeout='30']
SELECT [r].[Name]
FROM [UserRoles] AS [u]
INNER JOIN [Roles] AS [r] ON [u].[RoleId] = [r].[Id]
WHERE [u].[UserId] = @__userId_0
2025-05-18 23:14:48.051 +07:00 [INF] (Bookstore.Application.Services.InventoryService) Fetching inventory history. BookId: null, Reason: null, Start: null, End: null, User: null, Page: 1
2025-05-18 23:14:48.144 +07:00 [INF] (Microsoft.EntityFrameworkCore.Database.Command) Executed DbCommand (5ms) [Parameters=[], CommandType='"Text"', CommandTimeout='30']
SELECT COUNT(*)
FROM [InventoryLogs] AS [i]
2025-05-18 23:14:48.185 +07:00 [INF] (Microsoft.EntityFrameworkCore.Database.Command) Executed DbCommand (9ms) [Parameters=[@__p_0='0', @__p_1='20'], CommandType='"Text"', CommandTimeout='30']
SELECT [i0].[Id], [i0].[BookId], [i0].[ChangeQuantity], [i0].[OrderId], [i0].[Reason], [i0].[StockReceiptId], [i0].[TimestampUtc], [i0].[UserId], [b0].[Id], [b0].[AuthorId], [b0].[CategoryId], [b0].[CoverImageUrl], [b0].[CreatedAtUtc], [b0].[Description], [b0].[ISBN], [b0].[IsDeleted], [b0].[Price], [b0].[PublicationYear], [b0].[Publisher], [b0].[StockQuantity], [b0].[Title], [b0].[UpdatedAtUtc], [u].[Id], [u].[CreatedAtUtc], [u].[Email], [u].[FirstName], [u].[IsActive], [u].[LastName], [u].[PasswordHash], [u].[PhoneNumber], [u].[UpdatedAtUtc], [u].[UserName]
FROM (
    SELECT [i].[Id], [i].[BookId], [i].[ChangeQuantity], [i].[OrderId], [i].[Reason], [i].[StockReceiptId], [i].[TimestampUtc], [i].[UserId]
    FROM [InventoryLogs] AS [i]
    ORDER BY [i].[TimestampUtc] DESC
    OFFSET @__p_0 ROWS FETCH NEXT @__p_1 ROWS ONLY
) AS [i0]
INNER JOIN (
    SELECT [b].[Id], [b].[AuthorId], [b].[CategoryId], [b].[CoverImageUrl], [b].[CreatedAtUtc], [b].[Description], [b].[ISBN], [b].[IsDeleted], [b].[Price], [b].[PublicationYear], [b].[Publisher], [b].[StockQuantity], [b].[Title], [b].[UpdatedAtUtc]
    FROM [Books] AS [b]
    WHERE [b].[IsDeleted] = CAST(0 AS bit)
) AS [b0] ON [i0].[BookId] = [b0].[Id]
LEFT JOIN [Users] AS [u] ON [i0].[UserId] = [u].[Id]
ORDER BY [i0].[TimestampUtc] DESC
